<?xml version="1.0" encoding="UTF-8"?>
<!-- Generated by org.testng.reporters.JUnitXMLReporter -->
<testsuite ignored="3" hostname="joshwas-MacBook-Pro.local" failures="0" tests="1" name="Default test" time="10.07" errors="0" timestamp="2022-03-16T01:11:04 CDT">
  <testcase classname="com.impact.testcases.HomePageTest" name="BackpackPurchaseTest" time="0.873"/>
  <testcase classname="com.impact.testcases.HomePageTest" name="openMenuTest" time="0.0">
    <ignored/>
  </testcase> <!-- openMenuTest -->
  <testcase classname="com.impact.testcases.HomePageTest" name="dropDownLinkTest" time="0.0">
    <ignored/>
  </testcase> <!-- dropDownLinkTest -->
  <testcase classname="com.impact.testcases.HomePageTest" name="VerifyHomePageLogoTest" time="0.0">
    <ignored/>
  </testcase> <!-- VerifyHomePageLogoTest -->
</testsuite> <!-- Default test -->
