<?xml version="1.0" encoding="UTF-8"?>
<testng-results ignored="3" total="4" passed="1" failed="0" skipped="0">
  <reporter-output>
  </reporter-output>
  <suite started-at="2022-03-16T01:10:54 CDT" name="Default suite" finished-at="2022-03-16T01:11:04 CDT" duration-ms="10070">
    <groups>
    </groups>
    <test started-at="2022-03-16T01:10:54 CDT" name="Default test" finished-at="2022-03-16T01:11:04 CDT" duration-ms="10070">
      <class name="com.impact.testcases.HomePageTest">
        <test-method is-config="true" signature="setUp()[pri:0, instance:com.impact.testcases.HomePageTest@3ee37e5a]" started-at="2022-03-16T01:10:54 CDT" name="setUp" finished-at="2022-03-16T01:11:03 CDT" duration-ms="8901" status="PASS">
          <reporter-output>
          </reporter-output>
        </test-method> <!-- setUp -->
        <test-method signature="BackpackPurchaseTest()[pri:0, instance:com.impact.testcases.HomePageTest@3ee37e5a]" started-at="2022-03-16T01:11:03 CDT" name="BackpackPurchaseTest" finished-at="2022-03-16T01:11:04 CDT" duration-ms="873" status="PASS">
          <reporter-output>
          </reporter-output>
        </test-method> <!-- BackpackPurchaseTest -->
        <test-method is-config="true" signature="tearDown()[pri:0, instance:com.impact.testcases.HomePageTest@3ee37e5a]" started-at="2022-03-16T01:11:04 CDT" name="tearDown" finished-at="2022-03-16T01:11:04 CDT" duration-ms="230" status="PASS">
          <reporter-output>
          </reporter-output>
        </test-method> <!-- tearDown -->
      </class> <!-- com.impact.testcases.HomePageTest -->
    </test> <!-- Default test -->
  </suite> <!-- Default suite -->
</testng-results>
