<?xml version="1.0" encoding="UTF-8"?>
<!-- Generated by org.testng.reporters.JUnitXMLReporter -->
<testsuite ignored="0" hostname="joshwas-MacBook-Pro.local" failures="0" tests="9" name="SmokeTesting" time="56.131" errors="0" timestamp="2022-03-15T23:51:05 CDT">
  <testcase classname="com.impact.testcases.LoginPageTest" name="loginPageTitleTest" time="0.027"/>
  <testcase classname="com.impact.testcases.LoginPageTest" name="standard_userloginTest" time="0.476"/>
  <testcase classname="com.impact.testcases.LoginPageTest" name="locked_out_userTest" time="0.432"/>
  <testcase classname="com.impact.testcases.LoginPageTest" name="problem_userTest" time="0.406"/>
  <testcase classname="com.impact.testcases.LoginPageTest" name="performance_glitch_userTest" time="5.366"/>
  <testcase classname="com.impact.testcases.HomePageTest" name="DemoPurchaseTest" time="0.808"/>
  <testcase classname="com.impact.testcases.HomePageTest" name="VerifyHomePageLogoTest" time="0.081"/>
  <testcase classname="com.impact.testcases.HomePageTest" name="dropDownLinkTest" time="0.079"/>
  <testcase classname="com.impact.testcases.HomePageTest" name="openMenuTest" time="0.089"/>
</testsuite> <!-- SmokeTesting -->
